<?xml version="1.0" encoding="utf-8"?><testsuites name="pytest tests"><testsuite name="pytest" errors="0" failures="0" skipped="0" tests="43" time="9.138" timestamp="2026-04-04T14:24:13.158790+00:00" hostname="agent-env-e1822ce1-1f8e-401d-8dd2-b80797b62867"><testcase classname="backend.tests.test_finnews_api.TestHealthAndBasicEndpoints" name="test_market_ticker" time="0.235" /><testcase classname="backend.tests.test_finnews_api.TestHealthAndBasicEndpoints" name="test_categories_list" time="0.103" /><testcase classname="backend.tests.test_finnews_api.TestHealthAndBasicEndpoints" name="test_tags_list" time="0.145" /><testcase classname="backend.tests.test_finnews_api.TestArticleEndpoints" name="test_articles_list" time="0.140" /><testcase classname="backend.tests.test_finnews_api.TestArticleEndpoints" name="test_article_by_slug" time="0.102" /><testcase classname="backend.tests.test_finnews_api.TestArticleEndpoints" name="test_article_not_found" time="0.119" /><testcase classname="backend.tests.test_finnews_api.TestArticleEndpoints" name="test_homepage_sections" time="0.111" /><testcase classname="backend.tests.test_finnews_api.TestArticleEndpoints" name="test_featured_articles" time="0.107" /><testcase classname="backend.tests.test_finnews_api.TestArticleEndpoints" name="test_article_search" time="0.101" /><testcase classname="backend.tests.test_finnews_api.TestArticleEndpoints" name="test_articles_by_category" time="0.112" /><testcase classname="backend.tests.test_finnews_api.TestAuthEndpoints" name="test_login_success" time="0.328" /><testcase classname="backend.tests.test_finnews_api.TestAuthEndpoints" name="test_login_invalid_credentials" time="0.332" /><testcase classname="backend.tests.test_finnews_api.TestAuthEndpoints" name="test_login_invalid_email" time="0.113" /><testcase classname="backend.tests.test_finnews_api.TestAuthEndpoints" name="test_me_without_auth" time="0.116" /><testcase classname="backend.tests.test_finnews_api.TestAuthorProfile" name="test_author_profile" time="0.237" /><testcase classname="backend.tests.test_finnews_api.TestAuthorProfile" name="test_author_not_found" time="0.100" /><testcase classname="backend.tests.test_finnews_api.TestSitemap" name="test_sitemap_xml" time="0.103" /><testcase classname="backend.tests.test_finnews_api.TestPages" name="test_pages_list" time="0.103" /><testcase classname="backend.tests.test_finnews_api.TestPages" name="test_page_by_slug" time="0.160" /><testcase classname="backend.tests.test_finnews_api.TestPages" name="test_educational_pages" time="0.103" /><testcase classname="backend.tests.test_finnews_api.TestContact" name="test_contact_submission" time="0.104" /><testcase classname="backend.tests.test_finnews_api.TestAdminEndpoints" name="test_admin_articles_list" time="0.426" /><testcase classname="backend.tests.test_finnews_api.TestAdminEndpoints" name="test_admin_stats" time="0.445" /><testcase classname="backend.tests.test_finnews_api.TestAdminEndpoints" name="test_admin_users_list" time="0.446" /><testcase classname="backend.tests.test_finnews_api.TestAdminEndpoints" name="test_admin_homepage_config" time="0.439" /><testcase classname="backend.tests.test_new_features.TestTeamMembersAPI" name="test_get_team_public" time="0.107" /><testcase classname="backend.tests.test_new_features.TestTeamMembersAPI" name="test_get_team_admin" time="0.463" /><testcase classname="backend.tests.test_new_features.TestTeamMembersAPI" name="test_create_team_member" time="0.111" /><testcase classname="backend.tests.test_new_features.TestTeamMembersAPI" name="test_update_team_member" time="0.403" /><testcase classname="backend.tests.test_new_features.TestTeamMembersAPI" name="test_delete_team_member" time="0.328" /><testcase classname="backend.tests.test_new_features.TestSeoSettingsAPI" name="test_get_seo_settings_admin" time="0.106" /><testcase classname="backend.tests.test_new_features.TestSeoSettingsAPI" name="test_get_seo_settings_public" time="0.128" /><testcase classname="backend.tests.test_new_features.TestSeoSettingsAPI" name="test_update_seo_settings" time="0.413" /><testcase classname="backend.tests.test_new_features.TestHomepageOrderAPI" name="test_get_homepage_order" time="0.113" /><testcase classname="backend.tests.test_new_features.TestHomepageOrderAPI" name="test_update_homepage_order" time="0.438" /><testcase classname="backend.tests.test_new_features.TestPagesManagerAPI" name="test_get_pages_list" time="0.105" /><testcase classname="backend.tests.test_new_features.TestPagesManagerAPI" name="test_get_page_by_slug" time="0.115" /><testcase classname="backend.tests.test_new_features.TestPagesManagerAPI" name="test_create_page" time="0.228" /><testcase classname="backend.tests.test_new_features.TestPagesManagerAPI" name="test_update_page" time="0.411" /><testcase classname="backend.tests.test_new_features.TestPagesManagerAPI" name="test_delete_page" time="0.346" /><testcase classname="backend.tests.test_new_features.TestNewsSitemap" name="test_news_sitemap_xml" time="0.092" /><testcase classname="backend.tests.test_new_features.TestHomepageSectionsWithOrder" name="test_homepage_sections_returns_data" time="0.112" /><testcase classname="backend.tests.test_new_features.TestCleanup" name="test_cleanup_test_team_members" time="0.204" /></testsuite></testsuites>