<?xml version="1.0" encoding="utf-8"?><testsuites name="pytest tests"><testsuite name="pytest" errors="0" failures="0" skipped="0" tests="25" time="5.585" timestamp="2026-04-03T13:59:13.854052+00:00" hostname="agent-env-e1822ce1-1f8e-401d-8dd2-b80797b62867"><testcase classname="backend.tests.test_finnews_api.TestHealthAndBasicEndpoints" name="test_market_ticker" time="0.450" /><testcase classname="backend.tests.test_finnews_api.TestHealthAndBasicEndpoints" name="test_categories_list" time="0.119" /><testcase classname="backend.tests.test_finnews_api.TestHealthAndBasicEndpoints" name="test_tags_list" time="0.255" /><testcase classname="backend.tests.test_finnews_api.TestArticleEndpoints" name="test_articles_list" time="0.168" /><testcase classname="backend.tests.test_finnews_api.TestArticleEndpoints" name="test_article_by_slug" time="0.123" /><testcase classname="backend.tests.test_finnews_api.TestArticleEndpoints" name="test_article_not_found" time="0.104" /><testcase classname="backend.tests.test_finnews_api.TestArticleEndpoints" name="test_homepage_sections" time="0.150" /><testcase classname="backend.tests.test_finnews_api.TestArticleEndpoints" name="test_featured_articles" time="0.114" /><testcase classname="backend.tests.test_finnews_api.TestArticleEndpoints" name="test_article_search" time="0.105" /><testcase classname="backend.tests.test_finnews_api.TestArticleEndpoints" name="test_articles_by_category" time="0.101" /><testcase classname="backend.tests.test_finnews_api.TestAuthEndpoints" name="test_login_success" time="0.365" /><testcase classname="backend.tests.test_finnews_api.TestAuthEndpoints" name="test_login_invalid_credentials" time="0.336" /><testcase classname="backend.tests.test_finnews_api.TestAuthEndpoints" name="test_login_invalid_email" time="0.101" /><testcase classname="backend.tests.test_finnews_api.TestAuthEndpoints" name="test_me_without_auth" time="0.100" /><testcase classname="backend.tests.test_finnews_api.TestAuthorProfile" name="test_author_profile" time="0.309" /><testcase classname="backend.tests.test_finnews_api.TestAuthorProfile" name="test_author_not_found" time="0.102" /><testcase classname="backend.tests.test_finnews_api.TestSitemap" name="test_sitemap_xml" time="0.137" /><testcase classname="backend.tests.test_finnews_api.TestPages" name="test_pages_list" time="0.105" /><testcase classname="backend.tests.test_finnews_api.TestPages" name="test_page_by_slug" time="0.099" /><testcase classname="backend.tests.test_finnews_api.TestPages" name="test_educational_pages" time="0.119" /><testcase classname="backend.tests.test_finnews_api.TestContact" name="test_contact_submission" time="0.117" /><testcase classname="backend.tests.test_finnews_api.TestAdminEndpoints" name="test_admin_articles_list" time="0.441" /><testcase classname="backend.tests.test_finnews_api.TestAdminEndpoints" name="test_admin_stats" time="0.447" /><testcase classname="backend.tests.test_finnews_api.TestAdminEndpoints" name="test_admin_users_list" time="0.478" /><testcase classname="backend.tests.test_finnews_api.TestAdminEndpoints" name="test_admin_homepage_config" time="0.495" /></testsuite></testsuites>